example.main(20200708)/app/build/intermediates/manifest_merge_blame_file/debug/manifest-merger-blame-debug-report.txt
1<?xml version="1.0" encoding="utf-8"?>
2<manifest xmlns:android="http://schemas.android.com/apk/res/android"
3    package="com.example.practice_navigation"
4    android:versionCode="1"
5    android:versionName="1.0" >
6
7    <uses-sdk
8        android:minSdkVersion="27"
8-->src\main\AndroidManifest.xml
9        android:targetSdkVersion="28" />
9-->src\main\AndroidManifest.xml
10
11    <application
11-->src\main\AndroidManifest.xml:5:5-22:19
12        android:allowBackup="true"
12-->src\main\AndroidManifest.xml:6:9-35
13        android:appComponentFactory="androidx.core.app.CoreComponentFactory"
13-->[androidx.core:core:1.3.0] AndroidManifest.xml:24:18-86
14        android:debuggable="true"
15        android:extractNativeLibs="false"
16        android:icon="@mipmap/ic_launcher"
16-->src\main\AndroidManifest.xml:7:9-43
17        android:label="example.main"
17-->src\main\AndroidManifest.xml:8:9-37
18        android:roundIcon="@mipmap/ic_launcher_round"
18-->src\main\AndroidManifest.xml:9:9-54
19        android:supportsRtl="true"
19-->src\main\AndroidManifest.xml:10:9-35
20        android:testOnly="true"
21        android:theme="@style/AppTheme" >
21-->src\main\AndroidManifest.xml:11:9-40
22        <activity android:name="com.example.practice_navigation.bottom_navagation" />
22-->src\main\AndroidManifest.xml:12:9-54
22-->src\main\AndroidManifest.xml:12:19-52
23        <activity android:name="com.example.practice_navigation.MainActivity" >
23-->src\main\AndroidManifest.xml:14:9-20:20
23-->src\main\AndroidManifest.xml:14:19-47
24            <intent-filter>
24-->src\main\AndroidManifest.xml:15:13-19:29
25                <action android:name="android.intent.action.MAIN" />
25-->src\main\AndroidManifest.xml:16:17-69
25-->src\main\AndroidManifest.xml:16:25-66
26
27                <category android:name="android.intent.category.LAUNCHER" />
27-->src\main\AndroidManifest.xml:18:17-77
27-->src\main\AndroidManifest.xml:18:27-74
28            </intent-filter>
29        </activity>
30
31        <provider
31-->[androidx.lifecycle:lifecycle-process:2.2.0] AndroidManifest.xml:25:9-29:43
32            android:name="androidx.lifecycle.ProcessLifecycleOwnerInitializer"
32-->[androidx.lifecycle:lifecycle-process:2.2.0] AndroidManifest.xml:26:13-79
33            android:authorities="com.example.practice_navigation.lifecycle-process"
33-->[androidx.lifecycle:lifecycle-process:2.2.0] AndroidManifest.xml:27:13-69
34            android:exported="false"
34-->[androidx.lifecycle:lifecycle-process:2.2.0] AndroidManifest.xml:28:13-37
35            android:multiprocess="true" />
35-->[androidx.lifecycle:lifecycle-process:2.2.0] AndroidManifest.xml:29:13-40
36    </application>
37
38</manifest>